<?xml version="1.0" encoding="UTF-8"?>
<!-- Generated by org.testng.reporters.JUnitXMLReporter -->
<testsuite hostname="LPMB-Kol-Saurav.local" ignored="0" name="Test One" tests="6" failures="0" timestamp="28 Jun 2019 08:37:17 GMT" time="17.393" errors="0">
  <testcase name="verifyAPIExistsInDataSheet" time="0.012" classname="com.fusioncharts.apitest.GetObjectReference"/>
  <testcase name="verifyAPIExistsInDataSheet" time="0.002" classname="com.fusioncharts.apitest.Clone"/>
  <testcase name="verifyChartIsRendered" time="0.469" classname="com.fusioncharts.apitest.GetObjectReference"/>
  <testcase name="verifyChartIsRendered" time="0.24" classname="com.fusioncharts.apitest.Clone"/>
  <testcase name="verifyAPI" time="0.048" classname="com.fusioncharts.apitest.GetObjectReference"/>
  <testcase name="verifyAPI" time="0.097" classname="com.fusioncharts.apitest.Clone"/>
</testsuite> <!-- Test One -->
