<?xml version="1.0" encoding="UTF-8"?>
<!-- Generated by org.testng.reporters.JUnitXMLReporter -->
<testsuite hostname="LPMB-Kol-Saurav.local" ignored="0" name="Test Two" tests="7" failures="0" timestamp="20 Jun 2019 10:08:56 GMT" time="0.657" errors="0">
  <testcase name="f1" time="0.007" classname="com.fusioncharts.main.APITest"/>
  <testcase name="testMethodFive" time="0.003" classname="com.fusioncharts.main.APITest"/>
  <testcase name="testMethodFour" time="0.001" classname="com.fusioncharts.main.APITest"/>
  <testcase name="testMethodOne" time="0.012" classname="com.fusioncharts.main.APITest"/>
  <testcase name="testMethodThree" time="0.002" classname="com.fusioncharts.main.APITest"/>
  <testcase name="testMethodTwo" time="0.004" classname="com.fusioncharts.main.APITest"/>
  <testcase name="f" time="0.001" classname="com.fusioncharts.main.APITest"/>
</testsuite> <!-- Test Two -->
