<?xml version="1.0" encoding="UTF-8"?>
<!-- Generated by org.testng.reporters.JUnitXMLReporter -->
<testsuite hostname="LPMB-Kol-Saurav.local" ignored="0" name="Test All APIs" tests="6" failures="0" timestamp="28 Jun 2019 08:38:25 GMT" time="17.612" errors="0">
  <testcase name="verifyAPIExistsInDataSheet" time="0.012" classname="com.fusioncharts.apitest.GetObjectReference"/>
  <testcase name="verifyAPIExistsInDataSheet" time="0.003" classname="com.fusioncharts.apitest.Clone"/>
  <testcase name="verifyChartIsRendered" time="0.518" classname="com.fusioncharts.apitest.GetObjectReference"/>
  <testcase name="verifyChartIsRendered" time="0.053" classname="com.fusioncharts.apitest.Clone"/>
  <testcase name="verifyAPI" time="0.207" classname="com.fusioncharts.apitest.GetObjectReference"/>
  <testcase name="verifyAPI" time="0.111" classname="com.fusioncharts.apitest.Clone"/>
</testsuite> <!-- Test All APIs -->
