<?xml version="1.0" encoding="UTF-8"?>
<!-- Generated by org.testng.reporters.JUnitXMLReporter -->
<testsuite hostname="LPMB-Kol-Saurav.local" ignored="0" name="GetObjectReference" tests="3" failures="0" timestamp="02 Jul 2019 10:56:19 GMT" time="7.554" errors="0">
  <testcase name="verifyAPIExistsInDataSheet" time="0.013" classname="com.fusioncharts.apitest.GetObjectReference"/>
  <testcase name="verifyChartIsRendered" time="0.384" classname="com.fusioncharts.apitest.GetObjectReference"/>
  <testcase name="verifyAPI" time="0.052" classname="com.fusioncharts.apitest.GetObjectReference"/>
</testsuite> <!-- GetObjectReference -->
