<?xml version="1.0" encoding="UTF-8"?>
<!-- Generated by org.testng.reporters.JUnitXMLReporter -->
<testsuite hostname="LPMB-Kol-Saurav.local" ignored="0" name="Test All APIs2" tests="3" failures="0" timestamp="28 Jun 2019 09:19:59 GMT" time="5.516" errors="0">
  <testcase name="verifyAPIExistsInDataSheet" time="0.001" classname="com.fusioncharts.apitest.Clone"/>
  <testcase name="verifyChartIsRendered" time="0.399" classname="com.fusioncharts.apitest.Clone"/>
  <testcase name="verifyAPI" time="0.114" classname="com.fusioncharts.apitest.Clone"/>
</testsuite> <!-- Test All APIs2 -->
