<?xml version="1.0" encoding="UTF-8"?>
<!-- Generated by org.testng.reporters.JUnitXMLReporter -->
<testsuite hostname="LPMB-Kol-Saurav.local" ignored="4" name="Group of group Test" tests="3" failures="0" timestamp="24 Jun 2019 09:54:38 GMT" time="0.074" errors="0">
  <testcase name="testMethodOne" time="0.016" classname="com.fusioncharts.main.APITest"/>
  <testcase name="testMethodThree" time="0.003" classname="com.fusioncharts.main.APITest"/>
  <testcase name="testMethodTwo" time="0.001" classname="com.fusioncharts.main.APITest"/>
  <testcase name="f" time="0.0" classname="com.fusioncharts.main.APITest">
    <ignored/>
  </testcase> <!-- f -->
  <testcase name="testMethodFive" time="0.0" classname="com.fusioncharts.main.APITest">
    <ignored/>
  </testcase> <!-- testMethodFive -->
  <testcase name="f1" time="0.0" classname="com.fusioncharts.main.APITest">
    <ignored/>
  </testcase> <!-- f1 -->
  <testcase name="testMethodFour" time="0.0" classname="com.fusioncharts.main.APITest">
    <ignored/>
  </testcase> <!-- testMethodFour -->
</testsuite> <!-- Group of group Test -->
