<?xml version="1.0" encoding="UTF-8"?>
<testng-results total="47" passed="47" failed="0" skipped="0">
  <reporter-output>
  </reporter-output>
  <suite started-at="2020-09-14T16:59:28Z" name="API Regression" finished-at="2020-09-14T17:14:01Z" duration-ms="873610">
    <groups>
    </groups>
    <test started-at="2020-09-14T16:59:28Z" name="Clone" finished-at="2020-09-14T17:00:01Z" duration-ms="33568">
      <class name="com.froalacharts.apitest.Clone">
        <test-method is-config="true" signature="setUp()[pri:0, instance:com.froalacharts.apitest.Clone@1ea9f6af]" started-at="2020-09-14T22:29:28Z" name="setUp" finished-at="2020-09-14T22:29:43Z" duration-ms="14828" status="PASS">
          <reporter-output>
          </reporter-output>
        </test-method> <!-- setUp -->
        <test-method signature="verifyAPIExistsInDataSheetClone()[pri:1, instance:com.froalacharts.apitest.Clone@1ea9f6af]" started-at="2020-09-14T22:29:43Z" name="verifyAPIExistsInDataSheetClone" finished-at="2020-09-14T22:29:43Z" duration-ms="27" status="PASS">
          <reporter-output>
          </reporter-output>
        </test-method> <!-- verifyAPIExistsInDataSheetClone -->
        <test-method signature="verifyChartIsRenderedClone()[pri:2, instance:com.froalacharts.apitest.Clone@1ea9f6af]" started-at="2020-09-14T22:29:43Z" name="verifyChartIsRenderedClone" finished-at="2020-09-14T22:29:44Z" duration-ms="837" status="PASS">
          <reporter-output>
          </reporter-output>
        </test-method> <!-- verifyChartIsRenderedClone -->
        <test-method signature="verifyAPIClone()[pri:3, instance:com.froalacharts.apitest.Clone@1ea9f6af]" started-at="2020-09-14T22:29:44Z" name="verifyAPIClone" finished-at="2020-09-14T22:29:56Z" duration-ms="12088" status="PASS">
          <reporter-output>
          </reporter-output>
        </test-method> <!-- verifyAPIClone -->
        <test-method is-config="true" signature="shutDown()[pri:0, instance:com.froalacharts.apitest.Clone@1ea9f6af]" started-at="2020-09-14T22:29:56Z" name="shutDown" finished-at="2020-09-14T22:30:01Z" duration-ms="5588" status="PASS">
          <reporter-output>
          </reporter-output>
        </test-method> <!-- shutDown -->
      </class> <!-- com.froalacharts.apitest.Clone -->
    </test> <!-- Clone -->
    <test started-at="2020-09-14T17:00:01Z" name="AddEventListener" finished-at="2020-09-14T17:00:21Z" duration-ms="19606">
      <class name="com.froalacharts.apitest.AddEventListener">
        <test-method is-config="true" signature="setUp()[pri:0, instance:com.froalacharts.apitest.AddEventListener@6dc17b83]" started-at="2020-09-14T22:30:01Z" name="setUp" finished-at="2020-09-14T22:30:11Z" duration-ms="9489" status="PASS">
          <reporter-output>
          </reporter-output>
        </test-method> <!-- setUp -->
        <test-method signature="verifyAPIExistsInDataSheetAddEventListener()[pri:1, instance:com.froalacharts.apitest.AddEventListener@6dc17b83]" started-at="2020-09-14T22:30:11Z" name="verifyAPIExistsInDataSheetAddEventListener" finished-at="2020-09-14T22:30:11Z" duration-ms="3" status="PASS">
          <reporter-output>
          </reporter-output>
        </test-method> <!-- verifyAPIExistsInDataSheetAddEventListener -->
        <test-method signature="verifyChartIsRenderedAddEventListener()[pri:2, instance:com.froalacharts.apitest.AddEventListener@6dc17b83]" started-at="2020-09-14T22:30:11Z" name="verifyChartIsRenderedAddEventListener" finished-at="2020-09-14T22:30:12Z" duration-ms="964" status="PASS">
          <reporter-output>
          </reporter-output>
        </test-method> <!-- verifyChartIsRenderedAddEventListener -->
        <test-method signature="verifyAPIAddEventListener()[pri:3, instance:com.froalacharts.apitest.AddEventListener@6dc17b83]" started-at="2020-09-14T22:30:12Z" name="verifyAPIAddEventListener" finished-at="2020-09-14T22:30:16Z" duration-ms="3729" status="PASS">
          <reporter-output>
          </reporter-output>
        </test-method> <!-- verifyAPIAddEventListener -->
        <test-method is-config="true" signature="shutDown()[pri:0, instance:com.froalacharts.apitest.AddEventListener@6dc17b83]" started-at="2020-09-14T22:30:16Z" name="shutDown" finished-at="2020-09-14T22:30:21Z" duration-ms="5405" status="PASS">
          <reporter-output>
          </reporter-output>
        </test-method> <!-- shutDown -->
      </class> <!-- com.froalacharts.apitest.AddEventListener -->
    </test> <!-- AddEventListener -->
    <test started-at="2020-09-14T17:00:21Z" name="FormatNumber" finished-at="2020-09-14T17:00:40Z" duration-ms="18553">
      <class name="com.froalacharts.apitest.FormatNumber">
        <test-method is-config="true" signature="setUp()[pri:0, instance:com.froalacharts.apitest.FormatNumber@323b36e0]" started-at="2020-09-14T22:30:21Z" name="setUp" finished-at="2020-09-14T22:30:30Z" duration-ms="9319" status="PASS">
          <reporter-output>
          </reporter-output>
        </test-method> <!-- setUp -->
        <test-method signature="verifyAPIExistsInDataSheetFormatNumber()[pri:1, instance:com.froalacharts.apitest.FormatNumber@323b36e0]" started-at="2020-09-14T22:30:30Z" name="verifyAPIExistsInDataSheetFormatNumber" finished-at="2020-09-14T22:30:30Z" duration-ms="2" status="PASS">
          <reporter-output>
          </reporter-output>
        </test-method> <!-- verifyAPIExistsInDataSheetFormatNumber -->
        <test-method signature="verifyChartIsRenderedFormatNumber()[pri:2, instance:com.froalacharts.apitest.FormatNumber@323b36e0]" started-at="2020-09-14T22:30:30Z" name="verifyChartIsRenderedFormatNumber" finished-at="2020-09-14T22:30:31Z" duration-ms="660" status="PASS">
          <reporter-output>
          </reporter-output>
        </test-method> <!-- verifyChartIsRenderedFormatNumber -->
        <test-method signature="verifyAPIChartTypeFormatNumber()[pri:3, instance:com.froalacharts.apitest.FormatNumber@323b36e0]" started-at="2020-09-14T22:30:31Z" name="verifyAPIChartTypeFormatNumber" finished-at="2020-09-14T22:30:33Z" duration-ms="2253" status="PASS">
          <reporter-output>
          </reporter-output>
        </test-method> <!-- verifyAPIChartTypeFormatNumber -->
        <test-method is-config="true" signature="shutDown()[pri:0, instance:com.froalacharts.apitest.FormatNumber@323b36e0]" started-at="2020-09-14T22:30:33Z" name="shutDown" finished-at="2020-09-14T22:30:40Z" duration-ms="6307" status="PASS">
          <reporter-output>
          </reporter-output>
        </test-method> <!-- shutDown -->
      </class> <!-- com.froalacharts.apitest.FormatNumber -->
    </test> <!-- FormatNumber -->
    <test started-at="2020-09-14T17:00:40Z" name="IsPlotItemSliced_slicePlotItem" finished-at="2020-09-14T17:01:26Z" duration-ms="46375">
      <class name="com.froalacharts.apitest.IsPlotItemSliced_slicePlotItem">
        <test-method is-config="true" signature="setUp()[pri:0, instance:com.froalacharts.apitest.IsPlotItemSliced_slicePlotItem@6b927fb]" started-at="2020-09-14T22:30:40Z" name="setUp" finished-at="2020-09-14T22:30:49Z" duration-ms="9584" status="PASS">
          <reporter-output>
          </reporter-output>
        </test-method> <!-- setUp -->
        <test-method signature="verifyAPIExistsInDataSheetIsPlotItemSliced_slicePlotItem()[pri:1, instance:com.froalacharts.apitest.IsPlotItemSliced_slicePlotItem@6b927fb]" started-at="2020-09-14T22:30:49Z" name="verifyAPIExistsInDataSheetIsPlotItemSliced_slicePlotItem" finished-at="2020-09-14T22:30:49Z" duration-ms="1" status="PASS">
          <reporter-output>
          </reporter-output>
        </test-method> <!-- verifyAPIExistsInDataSheetIsPlotItemSliced_slicePlotItem -->
        <test-method signature="verifyChartIsRenderedIsPlotItemSliced_slicePlotItem()[pri:2, instance:com.froalacharts.apitest.IsPlotItemSliced_slicePlotItem@6b927fb]" started-at="2020-09-14T22:30:49Z" name="verifyChartIsRenderedIsPlotItemSliced_slicePlotItem" finished-at="2020-09-14T22:30:50Z" duration-ms="1191" status="PASS">
          <reporter-output>
          </reporter-output>
        </test-method> <!-- verifyChartIsRenderedIsPlotItemSliced_slicePlotItem -->
        <test-method signature="verifyAPIIsPlotItemSliced_slicePlotItem()[pri:3, instance:com.froalacharts.apitest.IsPlotItemSliced_slicePlotItem@6b927fb]" started-at="2020-09-14T22:30:50Z" name="verifyAPIIsPlotItemSliced_slicePlotItem" finished-at="2020-09-14T22:31:16Z" duration-ms="25439" status="PASS">
          <reporter-output>
          </reporter-output>
        </test-method> <!-- verifyAPIIsPlotItemSliced_slicePlotItem -->
        <test-method is-config="true" signature="shutDown()[pri:0, instance:com.froalacharts.apitest.IsPlotItemSliced_slicePlotItem@6b927fb]" started-at="2020-09-14T22:31:16Z" name="shutDown" finished-at="2020-09-14T22:31:26Z" duration-ms="10154" status="PASS">
          <reporter-output>
          </reporter-output>
        </test-method> <!-- shutDown -->
      </class> <!-- com.froalacharts.apitest.IsPlotItemSliced_slicePlotItem -->
    </test> <!-- IsPlotItemSliced_slicePlotItem -->
    <test started-at="2020-09-14T17:01:26Z" name="RemoveEventListener" finished-at="2020-09-14T17:02:09Z" duration-ms="43137">
      <class name="com.froalacharts.apitest.RemoveEventListener">
        <test-method is-config="true" signature="setUp()[pri:0, instance:com.froalacharts.apitest.RemoveEventListener@1aa7ecca]" started-at="2020-09-14T22:31:26Z" name="setUp" finished-at="2020-09-14T22:31:38Z" duration-ms="11951" status="PASS">
          <reporter-output>
          </reporter-output>
        </test-method> <!-- setUp -->
        <test-method signature="verifyAPIExistsInDataSheetRemoveEventListener()[pri:1, instance:com.froalacharts.apitest.RemoveEventListener@1aa7ecca]" started-at="2020-09-14T22:31:38Z" name="verifyAPIExistsInDataSheetRemoveEventListener" finished-at="2020-09-14T22:31:38Z" duration-ms="1" status="PASS">
          <reporter-output>
          </reporter-output>
        </test-method> <!-- verifyAPIExistsInDataSheetRemoveEventListener -->
        <test-method signature="verifyChartIsRenderedRemoveEventListener()[pri:2, instance:com.froalacharts.apitest.RemoveEventListener@1aa7ecca]" started-at="2020-09-14T22:31:38Z" name="verifyChartIsRenderedRemoveEventListener" finished-at="2020-09-14T22:31:40Z" duration-ms="1783" status="PASS">
          <reporter-output>
          </reporter-output>
        </test-method> <!-- verifyChartIsRenderedRemoveEventListener -->
        <test-method signature="verifyAPIRemoveEventListener()[pri:3, instance:com.froalacharts.apitest.RemoveEventListener@1aa7ecca]" started-at="2020-09-14T22:31:40Z" name="verifyAPIRemoveEventListener" finished-at="2020-09-14T22:31:57Z" duration-ms="16890" status="PASS">
          <reporter-output>
          </reporter-output>
        </test-method> <!-- verifyAPIRemoveEventListener -->
        <test-method is-config="true" signature="shutDown()[pri:0, instance:com.froalacharts.apitest.RemoveEventListener@1aa7ecca]" started-at="2020-09-14T22:31:57Z" name="shutDown" finished-at="2020-09-14T22:32:09Z" duration-ms="12507" status="PASS">
          <reporter-output>
          </reporter-output>
        </test-method> <!-- shutDown -->
      </class> <!-- com.froalacharts.apitest.RemoveEventListener -->
    </test> <!-- RemoveEventListener -->
    <test started-at="2020-09-14T17:02:09Z" name="SetJSONData" finished-at="2020-09-14T17:02:43Z" duration-ms="33291">
      <class name="com.froalacharts.apitest.SetJSONData">
        <test-method is-config="true" signature="setUp()[pri:0, instance:com.froalacharts.apitest.SetJSONData@245b4bdc]" started-at="2020-09-14T22:32:09Z" name="setUp" finished-at="2020-09-14T22:32:21Z" duration-ms="11883" status="PASS">
          <reporter-output>
          </reporter-output>
        </test-method> <!-- setUp -->
        <test-method signature="verifyAPIExistsInDataSheetSetJSONData()[pri:1, instance:com.froalacharts.apitest.SetJSONData@245b4bdc]" started-at="2020-09-14T22:32:21Z" name="verifyAPIExistsInDataSheetSetJSONData" finished-at="2020-09-14T22:32:21Z" duration-ms="4" status="PASS">
          <reporter-output>
          </reporter-output>
        </test-method> <!-- verifyAPIExistsInDataSheetSetJSONData -->
        <test-method signature="verifyChartIsRenderedSetJSONData()[pri:2, instance:com.froalacharts.apitest.SetJSONData@245b4bdc]" started-at="2020-09-14T22:32:21Z" name="verifyChartIsRenderedSetJSONData" finished-at="2020-09-14T22:32:24Z" duration-ms="2965" status="PASS">
          <reporter-output>
          </reporter-output>
        </test-method> <!-- verifyChartIsRenderedSetJSONData -->
        <test-method signature="verifyAPISetJSONData()[pri:3, instance:com.froalacharts.apitest.SetJSONData@245b4bdc]" started-at="2020-09-14T22:32:24Z" name="verifyAPISetJSONData" finished-at="2020-09-14T22:32:35Z" duration-ms="10806" status="PASS">
          <reporter-output>
          </reporter-output>
        </test-method> <!-- verifyAPISetJSONData -->
        <test-method is-config="true" signature="shutDown()[pri:0, instance:com.froalacharts.apitest.SetJSONData@245b4bdc]" started-at="2020-09-14T22:32:35Z" name="shutDown" finished-at="2020-09-14T22:32:43Z" duration-ms="7629" status="PASS">
          <reporter-output>
          </reporter-output>
        </test-method> <!-- shutDown -->
      </class> <!-- com.froalacharts.apitest.SetJSONData -->
    </test> <!-- SetJSONData -->
    <test started-at="2020-09-14T17:02:43Z" name="ShowChartMessage" finished-at="2020-09-14T17:03:23Z" duration-ms="39949">
      <class name="com.froalacharts.apitest.ShowChartMessage">
        <test-method is-config="true" signature="setUp()[pri:0, instance:com.froalacharts.apitest.ShowChartMessage@79e2c065]" started-at="2020-09-14T22:32:43Z" name="setUp" finished-at="2020-09-14T22:32:55Z" duration-ms="12539" status="PASS">
          <reporter-output>
          </reporter-output>
        </test-method> <!-- setUp -->
        <test-method signature="verifyAPIExistsInDataSheetShowChartMessage()[pri:1, instance:com.froalacharts.apitest.ShowChartMessage@79e2c065]" started-at="2020-09-14T22:32:55Z" name="verifyAPIExistsInDataSheetShowChartMessage" finished-at="2020-09-14T22:32:55Z" duration-ms="1" status="PASS">
          <reporter-output>
          </reporter-output>
        </test-method> <!-- verifyAPIExistsInDataSheetShowChartMessage -->
        <test-method signature="verifyChartIsRenderedShowChartMessage()[pri:2, instance:com.froalacharts.apitest.ShowChartMessage@79e2c065]" started-at="2020-09-14T22:32:55Z" name="verifyChartIsRenderedShowChartMessage" finished-at="2020-09-14T22:32:58Z" duration-ms="3084" status="PASS">
          <reporter-output>
          </reporter-output>
        </test-method> <!-- verifyChartIsRenderedShowChartMessage -->
        <test-method signature="verifyAPIShowChartMessage()[pri:3, instance:com.froalacharts.apitest.ShowChartMessage@79e2c065]" started-at="2020-09-14T22:32:58Z" name="verifyAPIShowChartMessage" finished-at="2020-09-14T22:33:17Z" duration-ms="18496" status="PASS">
          <reporter-output>
          </reporter-output>
        </test-method> <!-- verifyAPIShowChartMessage -->
        <test-method is-config="true" signature="shutDown()[pri:0, instance:com.froalacharts.apitest.ShowChartMessage@79e2c065]" started-at="2020-09-14T22:33:17Z" name="shutDown" finished-at="2020-09-14T22:33:23Z" duration-ms="5813" status="PASS">
          <reporter-output>
          </reporter-output>
        </test-method> <!-- shutDown -->
      </class> <!-- com.froalacharts.apitest.ShowChartMessage -->
    </test> <!-- ShowChartMessage -->
    <test started-at="2020-09-14T17:03:23Z" name="CenterLabel" finished-at="2020-09-14T17:03:44Z" duration-ms="21262">
      <class name="com.froalacharts.apitest.CenterLabel">
        <test-method is-config="true" signature="setUp()[pri:0, instance:com.froalacharts.apitest.CenterLabel@77847718]" started-at="2020-09-14T22:33:23Z" name="setUp" finished-at="2020-09-14T22:33:34Z" duration-ms="11103" status="PASS">
          <reporter-output>
          </reporter-output>
        </test-method> <!-- setUp -->
        <test-method signature="verifyAPIExistsInDataSheetCenterLabel()[pri:1, instance:com.froalacharts.apitest.CenterLabel@77847718]" started-at="2020-09-14T22:33:34Z" name="verifyAPIExistsInDataSheetCenterLabel" finished-at="2020-09-14T22:33:34Z" duration-ms="7" status="PASS">
          <reporter-output>
          </reporter-output>
        </test-method> <!-- verifyAPIExistsInDataSheetCenterLabel -->
        <test-method signature="verifyChartIsRenderedCenterLabel()[pri:2, instance:com.froalacharts.apitest.CenterLabel@77847718]" started-at="2020-09-14T22:33:34Z" name="verifyChartIsRenderedCenterLabel" finished-at="2020-09-14T22:33:35Z" duration-ms="1223" status="PASS">
          <reporter-output>
          </reporter-output>
        </test-method> <!-- verifyChartIsRenderedCenterLabel -->
        <test-method signature="verifyAPICenterLabel()[pri:3, instance:com.froalacharts.apitest.CenterLabel@77847718]" started-at="2020-09-14T22:33:35Z" name="verifyAPICenterLabel" finished-at="2020-09-14T22:33:39Z" duration-ms="3586" status="PASS">
          <reporter-output>
          </reporter-output>
        </test-method> <!-- verifyAPICenterLabel -->
        <test-method is-config="true" signature="shutDown()[pri:0, instance:com.froalacharts.apitest.CenterLabel@77847718]" started-at="2020-09-14T22:33:39Z" name="shutDown" finished-at="2020-09-14T22:33:44Z" duration-ms="5331" status="PASS">
          <reporter-output>
          </reporter-output>
        </test-method> <!-- shutDown -->
      </class> <!-- com.froalacharts.apitest.CenterLabel -->
    </test> <!-- CenterLabel -->
    <test started-at="2020-09-14T17:03:44Z" name="GetChartData" finished-at="2020-09-14T17:04:02Z" duration-ms="18070">
      <class name="com.froalacharts.apitest.GetChartData">
        <test-method is-config="true" signature="setUp()[pri:0, instance:com.froalacharts.apitest.GetChartData@1a482e36]" started-at="2020-09-14T22:33:44Z" name="setUp" finished-at="2020-09-14T22:33:53Z" duration-ms="9033" status="PASS">
          <reporter-output>
          </reporter-output>
        </test-method> <!-- setUp -->
        <test-method signature="verifyAPIExistsInDataSheetGetChartData()[pri:1, instance:com.froalacharts.apitest.GetChartData@1a482e36]" started-at="2020-09-14T22:33:53Z" name="verifyAPIExistsInDataSheetGetChartData" finished-at="2020-09-14T22:33:53Z" duration-ms="1" status="PASS">
          <reporter-output>
          </reporter-output>
        </test-method> <!-- verifyAPIExistsInDataSheetGetChartData -->
        <test-method signature="verifyChartIsRenderedGetChartData()[pri:2, instance:com.froalacharts.apitest.GetChartData@1a482e36]" started-at="2020-09-14T22:33:53Z" name="verifyChartIsRenderedGetChartData" finished-at="2020-09-14T22:33:54Z" duration-ms="728" status="PASS">
          <reporter-output>
          </reporter-output>
        </test-method> <!-- verifyChartIsRenderedGetChartData -->
        <test-method signature="verifyAPIGetChartData()[pri:3, instance:com.froalacharts.apitest.GetChartData@1a482e36]" started-at="2020-09-14T22:33:54Z" name="verifyAPIGetChartData" finished-at="2020-09-14T22:33:58Z" duration-ms="3914" status="PASS">
          <reporter-output>
          </reporter-output>
        </test-method> <!-- verifyAPIGetChartData -->
        <test-method is-config="true" signature="shutDown()[pri:0, instance:com.froalacharts.apitest.GetChartData@1a482e36]" started-at="2020-09-14T22:33:58Z" name="shutDown" finished-at="2020-09-14T22:34:02Z" duration-ms="4390" status="PASS">
          <reporter-output>
          </reporter-output>
        </test-method> <!-- shutDown -->
      </class> <!-- com.froalacharts.apitest.GetChartData -->
    </test> <!-- GetChartData -->
    <test started-at="2020-09-14T17:04:03Z" name="GetJSONData" finished-at="2020-09-14T17:04:19Z" duration-ms="16036">
      <class name="com.froalacharts.apitest.GetJSONData">
        <test-method is-config="true" signature="setUp()[pri:0, instance:com.froalacharts.apitest.GetJSONData@293a5bf6]" started-at="2020-09-14T22:34:03Z" name="setUp" finished-at="2020-09-14T22:34:12Z" duration-ms="9205" status="PASS">
          <reporter-output>
          </reporter-output>
        </test-method> <!-- setUp -->
        <test-method signature="verifyAPIExistsInDataSheetGetJSONData()[pri:1, instance:com.froalacharts.apitest.GetJSONData@293a5bf6]" started-at="2020-09-14T22:34:12Z" name="verifyAPIExistsInDataSheetGetJSONData" finished-at="2020-09-14T22:34:12Z" duration-ms="1" status="PASS">
          <reporter-output>
          </reporter-output>
        </test-method> <!-- verifyAPIExistsInDataSheetGetJSONData -->
        <test-method signature="verifyChartIsRenderedGetJSONData()[pri:2, instance:com.froalacharts.apitest.GetJSONData@293a5bf6]" started-at="2020-09-14T22:34:12Z" name="verifyChartIsRenderedGetJSONData" finished-at="2020-09-14T22:34:12Z" duration-ms="563" status="PASS">
          <reporter-output>
          </reporter-output>
        </test-method> <!-- verifyChartIsRenderedGetJSONData -->
        <test-method signature="verifyAPIGetJSONData()[pri:3, instance:com.froalacharts.apitest.GetJSONData@293a5bf6]" started-at="2020-09-14T22:34:12Z" name="verifyAPIGetJSONData" finished-at="2020-09-14T22:34:14Z" duration-ms="1738" status="PASS">
          <reporter-output>
          </reporter-output>
        </test-method> <!-- verifyAPIGetJSONData -->
        <test-method is-config="true" signature="shutDown()[pri:0, instance:com.froalacharts.apitest.GetJSONData@293a5bf6]" started-at="2020-09-14T22:34:14Z" name="shutDown" finished-at="2020-09-14T22:34:19Z" duration-ms="4525" status="PASS">
          <reporter-output>
          </reporter-output>
        </test-method> <!-- shutDown -->
      </class> <!-- com.froalacharts.apitest.GetJSONData -->
    </test> <!-- GetJSONData -->
    <test started-at="2020-09-14T17:04:19Z" name="LockResize_ResizeTo" finished-at="2020-09-14T17:04:45Z" duration-ms="26300">
      <class name="com.froalacharts.apitest.LockResize_ResizeTo">
        <test-method is-config="true" signature="setUp()[pri:0, instance:com.froalacharts.apitest.LockResize_ResizeTo@35d019a3]" started-at="2020-09-14T22:34:19Z" name="setUp" finished-at="2020-09-14T22:34:28Z" duration-ms="8883" status="PASS">
          <reporter-output>
          </reporter-output>
        </test-method> <!-- setUp -->
        <test-method signature="verifyAPIExistsInDataSheetLockResize_ResizeTo()[pri:1, instance:com.froalacharts.apitest.LockResize_ResizeTo@35d019a3]" started-at="2020-09-14T22:34:28Z" name="verifyAPIExistsInDataSheetLockResize_ResizeTo" finished-at="2020-09-14T22:34:28Z" duration-ms="1" status="PASS">
          <reporter-output>
          </reporter-output>
        </test-method> <!-- verifyAPIExistsInDataSheetLockResize_ResizeTo -->
        <test-method signature="verifyChartIsRenderedLockResize_ResizeTo()[pri:2, instance:com.froalacharts.apitest.LockResize_ResizeTo@35d019a3]" started-at="2020-09-14T22:34:28Z" name="verifyChartIsRenderedLockResize_ResizeTo" finished-at="2020-09-14T22:34:30Z" duration-ms="2033" status="PASS">
          <reporter-output>
          </reporter-output>
        </test-method> <!-- verifyChartIsRenderedLockResize_ResizeTo -->
        <test-method signature="verifyAPILockResize_ResizeTo()[pri:3, instance:com.froalacharts.apitest.LockResize_ResizeTo@35d019a3]" started-at="2020-09-14T22:34:30Z" name="verifyAPILockResize_ResizeTo" finished-at="2020-09-14T22:34:40Z" duration-ms="10850" status="PASS">
          <reporter-output>
          </reporter-output>
        </test-method> <!-- verifyAPILockResize_ResizeTo -->
        <test-method is-config="true" signature="shutDown()[pri:0, instance:com.froalacharts.apitest.LockResize_ResizeTo@35d019a3]" started-at="2020-09-14T22:34:40Z" name="shutDown" finished-at="2020-09-14T22:34:45Z" duration-ms="4531" status="PASS">
          <reporter-output>
          </reporter-output>
        </test-method> <!-- shutDown -->
      </class> <!-- com.froalacharts.apitest.LockResize_ResizeTo -->
    </test> <!-- LockResize_ResizeTo -->
    <test started-at="2020-09-14T17:04:45Z" name="Configure" finished-at="2020-09-14T17:05:00Z" duration-ms="14501">
      <class name="com.froalacharts.apitest.Configure">
        <test-method is-config="true" signature="setUp()[pri:0, instance:com.froalacharts.apitest.Configure@34a3d150]" started-at="2020-09-14T22:34:45Z" name="setUp" finished-at="2020-09-14T22:34:54Z" duration-ms="9032" status="PASS">
          <reporter-output>
          </reporter-output>
        </test-method> <!-- setUp -->
        <test-method signature="verifyAPIExistsInDataSheetConfigure()[pri:1, instance:com.froalacharts.apitest.Configure@34a3d150]" started-at="2020-09-14T22:34:54Z" name="verifyAPIExistsInDataSheetConfigure" finished-at="2020-09-14T22:34:54Z" duration-ms="1" status="PASS">
          <reporter-output>
          </reporter-output>
        </test-method> <!-- verifyAPIExistsInDataSheetConfigure -->
        <test-method signature="verifyChartIsRenderedConfigure()[pri:2, instance:com.froalacharts.apitest.Configure@34a3d150]" started-at="2020-09-14T22:34:54Z" name="verifyChartIsRenderedConfigure" finished-at="2020-09-14T22:34:55Z" duration-ms="462" status="PASS">
          <reporter-output>
          </reporter-output>
        </test-method> <!-- verifyChartIsRenderedConfigure -->
        <test-method signature="verifyAPIConfigure()[pri:3, instance:com.froalacharts.apitest.Configure@34a3d150]" started-at="2020-09-14T22:34:55Z" name="verifyAPIConfigure" finished-at="2020-09-14T22:34:55Z" duration-ms="570" status="PASS">
          <reporter-output>
          </reporter-output>
        </test-method> <!-- verifyAPIConfigure -->
        <test-method is-config="true" signature="shutDown()[pri:0, instance:com.froalacharts.apitest.Configure@34a3d150]" started-at="2020-09-14T22:34:55Z" name="shutDown" finished-at="2020-09-14T22:35:00Z" duration-ms="4431" status="PASS">
          <reporter-output>
          </reporter-output>
        </test-method> <!-- shutDown -->
      </class> <!-- com.froalacharts.apitest.Configure -->
    </test> <!-- Configure -->
    <test started-at="2020-09-14T17:05:00Z" name="ConfigureLink" finished-at="2020-09-14T17:05:21Z" duration-ms="21235">
      <class name="com.froalacharts.apitest.ConfigureLink">
        <test-method is-config="true" signature="setUp()[pri:0, instance:com.froalacharts.apitest.ConfigureLink@7b2bbc3]" started-at="2020-09-14T22:35:00Z" name="setUp" finished-at="2020-09-14T22:35:08Z" duration-ms="8006" status="PASS">
          <reporter-output>
          </reporter-output>
        </test-method> <!-- setUp -->
        <test-method signature="verifyAPIExistsInDataSheetConfigureLink()[pri:1, instance:com.froalacharts.apitest.ConfigureLink@7b2bbc3]" started-at="2020-09-14T22:35:08Z" name="verifyAPIExistsInDataSheetConfigureLink" finished-at="2020-09-14T22:35:08Z" duration-ms="0" status="PASS">
          <reporter-output>
          </reporter-output>
        </test-method> <!-- verifyAPIExistsInDataSheetConfigureLink -->
        <test-method signature="verifyChartIsRenderedConfigureLink()[pri:2, instance:com.froalacharts.apitest.ConfigureLink@7b2bbc3]" started-at="2020-09-14T22:35:08Z" name="verifyChartIsRenderedConfigureLink" finished-at="2020-09-14T22:35:09Z" duration-ms="887" status="PASS">
          <reporter-output>
          </reporter-output>
        </test-method> <!-- verifyChartIsRenderedConfigureLink -->
        <test-method signature="verifyAPIConfigureLink()[pri:3, instance:com.froalacharts.apitest.ConfigureLink@7b2bbc3]" started-at="2020-09-14T22:35:09Z" name="verifyAPIConfigureLink" finished-at="2020-09-14T22:35:16Z" duration-ms="7686" status="PASS">
          <reporter-output>
          </reporter-output>
        </test-method> <!-- verifyAPIConfigureLink -->
        <test-method is-config="true" signature="shutDown()[pri:0, instance:com.froalacharts.apitest.ConfigureLink@7b2bbc3]" started-at="2020-09-14T22:35:16Z" name="shutDown" finished-at="2020-09-14T22:35:21Z" duration-ms="4652" status="PASS">
          <reporter-output>
          </reporter-output>
        </test-method> <!-- shutDown -->
      </class> <!-- com.froalacharts.apitest.ConfigureLink -->
    </test> <!-- ConfigureLink -->
    <test started-at="2020-09-14T17:05:21Z" name="StartingAngle" finished-at="2020-09-14T17:05:48Z" duration-ms="27302">
      <class name="com.froalacharts.apitest.StartingAngle">
        <test-method is-config="true" signature="setUp()[pri:0, instance:com.froalacharts.apitest.StartingAngle@73a1e9a9]" started-at="2020-09-14T22:35:21Z" name="setUp" finished-at="2020-09-14T22:35:29Z" duration-ms="8202" status="PASS">
          <reporter-output>
          </reporter-output>
        </test-method> <!-- setUp -->
        <test-method signature="verifyAPIExistsInDataSheetStartingAngle()[pri:1, instance:com.froalacharts.apitest.StartingAngle@73a1e9a9]" started-at="2020-09-14T22:35:29Z" name="verifyAPIExistsInDataSheetStartingAngle" finished-at="2020-09-14T22:35:29Z" duration-ms="1" status="PASS">
          <reporter-output>
          </reporter-output>
        </test-method> <!-- verifyAPIExistsInDataSheetStartingAngle -->
        <test-method signature="verifyChartIsRenderedStartingAngle()[pri:2, instance:com.froalacharts.apitest.StartingAngle@73a1e9a9]" started-at="2020-09-14T22:35:29Z" name="verifyChartIsRenderedStartingAngle" finished-at="2020-09-14T22:35:31Z" duration-ms="2366" status="PASS">
          <reporter-output>
          </reporter-output>
        </test-method> <!-- verifyChartIsRenderedStartingAngle -->
        <test-method signature="verifyAPIStartingAngle()[pri:3, instance:com.froalacharts.apitest.StartingAngle@73a1e9a9]" started-at="2020-09-14T22:35:31Z" name="verifyAPIStartingAngle" finished-at="2020-09-14T22:35:44Z" duration-ms="12137" status="PASS">
          <reporter-output>
          </reporter-output>
        </test-method> <!-- verifyAPIStartingAngle -->
        <test-method is-config="true" signature="shutDown()[pri:0, instance:com.froalacharts.apitest.StartingAngle@73a1e9a9]" started-at="2020-09-14T22:35:44Z" name="shutDown" finished-at="2020-09-14T22:35:48Z" duration-ms="4594" status="PASS">
          <reporter-output>
          </reporter-output>
        </test-method> <!-- shutDown -->
      </class> <!-- com.froalacharts.apitest.StartingAngle -->
    </test> <!-- StartingAngle -->
    <test started-at="2020-09-14T17:05:48Z" name="AllChartsDataAPIs" finished-at="2020-09-14T17:07:47Z" duration-ms="118658">
      <class name="com.froalacharts.apitest.AllChartsDataAPIs">
        <test-method is-config="true" signature="setUp()[pri:0, instance:com.froalacharts.apitest.AllChartsDataAPIs@3590fc5b]" started-at="2020-09-14T22:35:48Z" name="setUp" finished-at="2020-09-14T22:35:55Z" duration-ms="7108" status="PASS">
          <reporter-output>
          </reporter-output>
        </test-method> <!-- setUp -->
        <test-method signature="verifyAllChartsDataAPIs()[pri:1, instance:com.froalacharts.apitest.AllChartsDataAPIs@3590fc5b]" started-at="2020-09-14T22:35:55Z" name="verifyAllChartsDataAPIs" finished-at="2020-09-14T22:37:42Z" duration-ms="107153" status="PASS">
          <reporter-output>
          </reporter-output>
        </test-method> <!-- verifyAllChartsDataAPIs -->
        <test-method is-config="true" signature="shutDown()[pri:0, instance:com.froalacharts.apitest.AllChartsDataAPIs@3590fc5b]" started-at="2020-09-14T22:37:42Z" name="shutDown" finished-at="2020-09-14T22:37:47Z" duration-ms="4396" status="PASS">
          <reporter-output>
          </reporter-output>
        </test-method> <!-- shutDown -->
      </class> <!-- com.froalacharts.apitest.AllChartsDataAPIs -->
    </test> <!-- AllChartsDataAPIs -->
    <test started-at="2020-09-14T17:07:47Z" name="AllChartsSetDataAPIs" finished-at="2020-09-14T17:13:34Z" duration-ms="347082">
      <class name="com.froalacharts.apitest.AllChartsSetDataAPIs">
        <test-method is-config="true" signature="setUp()[pri:0, instance:com.froalacharts.apitest.AllChartsSetDataAPIs@30c15d8b]" started-at="2020-09-14T22:37:47Z" name="setUp" finished-at="2020-09-14T22:37:55Z" duration-ms="8140" status="PASS">
          <reporter-output>
          </reporter-output>
        </test-method> <!-- setUp -->
        <test-method signature="verifyAllChartsSetDataAPIs()[pri:1, instance:com.froalacharts.apitest.AllChartsSetDataAPIs@30c15d8b]" started-at="2020-09-14T22:37:55Z" name="verifyAllChartsSetDataAPIs" finished-at="2020-09-14T22:43:30Z" duration-ms="334292" status="PASS">
          <reporter-output>
          </reporter-output>
        </test-method> <!-- verifyAllChartsSetDataAPIs -->
        <test-method is-config="true" signature="shutDown()[pri:0, instance:com.froalacharts.apitest.AllChartsSetDataAPIs@30c15d8b]" started-at="2020-09-14T22:43:30Z" name="shutDown" finished-at="2020-09-14T22:43:34Z" duration-ms="4644" status="PASS">
          <reporter-output>
          </reporter-output>
        </test-method> <!-- shutDown -->
      </class> <!-- com.froalacharts.apitest.AllChartsSetDataAPIs -->
    </test> <!-- AllChartsSetDataAPIs -->
    <test started-at="2020-09-14T17:13:34Z" name="LicensingData" finished-at="2020-09-14T17:14:01Z" duration-ms="27061">
      <class name="com.froalacharts.licensevalidationtest.LicenseValidation">
        <test-method is-config="true" signature="setUp()[pri:0, instance:com.froalacharts.licensevalidationtest.LicenseValidation@175c2241]" started-at="2020-09-14T22:43:34Z" name="setUp" finished-at="2020-09-14T22:43:42Z" duration-ms="7914" status="PASS">
          <reporter-output>
          </reporter-output>
        </test-method> <!-- setUp -->
        <test-method signature="verifyWatermarkDisplayed()[pri:1, instance:com.froalacharts.licensevalidationtest.LicenseValidation@175c2241]" started-at="2020-09-14T22:43:42Z" name="verifyWatermarkDisplayed" finished-at="2020-09-14T22:43:46Z" duration-ms="4109" status="PASS">
          <reporter-output>
          </reporter-output>
        </test-method> <!-- verifyWatermarkDisplayed -->
        <test-method signature="verifyWatermarkNotDisplayed_for_valid_key()[pri:2, instance:com.froalacharts.licensevalidationtest.LicenseValidation@175c2241]" started-at="2020-09-14T22:43:46Z" name="verifyWatermarkNotDisplayed_for_valid_key" finished-at="2020-09-14T22:43:55Z" duration-ms="8389" status="PASS">
          <reporter-output>
          </reporter-output>
        </test-method> <!-- verifyWatermarkNotDisplayed_for_valid_key -->
        <test-method signature="verifyWatermarkDisplayedForCreditLabelTrue()[pri:3, instance:com.froalacharts.licensevalidationtest.LicenseValidation@175c2241]" started-at="2020-09-14T22:43:55Z" name="verifyWatermarkDisplayedForCreditLabelTrue" finished-at="2020-09-14T22:43:57Z" duration-ms="2210" status="PASS">
          <reporter-output>
          </reporter-output>
        </test-method> <!-- verifyWatermarkDisplayedForCreditLabelTrue -->
        <test-method is-config="true" signature="shutDown()[pri:0, instance:com.froalacharts.licensevalidationtest.LicenseValidation@175c2241]" started-at="2020-09-14T22:43:57Z" name="shutDown" finished-at="2020-09-14T22:44:01Z" duration-ms="4436" status="PASS">
          <reporter-output>
          </reporter-output>
        </test-method> <!-- shutDown -->
      </class> <!-- com.froalacharts.licensevalidationtest.LicenseValidation -->
    </test> <!-- LicensingData -->
  </suite> <!-- API Regression -->
</testng-results>
