<?xml version="1.0" encoding="UTF-8"?>
<!-- Generated by org.testng.reporters.JUnitXMLReporter -->
<testsuite hostname="LANSA-TEST" failures="0" tests="3" name="AddEventListener" time="19.606" errors="0" timestamp="14 Sep 2020 17:00:21 GMT">
  <testcase classname="com.froalacharts.apitest.AddEventListener" name="verifyAPIExistsInDataSheetAddEventListener" time="0.003"/>
  <testcase classname="com.froalacharts.apitest.AddEventListener" name="verifyChartIsRenderedAddEventListener" time="0.964"/>
  <testcase classname="com.froalacharts.apitest.AddEventListener" name="verifyAPIAddEventListener" time="3.729"/>
</testsuite> <!-- AddEventListener -->
