<?xml version="1.0" encoding="UTF-8"?>
<!-- Generated by org.testng.reporters.JUnitXMLReporter -->
<testsuite ignored="0" hostname="CELSYS130-BLR" failures="0" tests="3" name="AddEventListener" time="17.569" errors="0" timestamp="2020-10-29T20:22:56 IST">
  <testcase classname="com.froalacharts.apitest.AddEventListener" name="verifyAPIExistsInDataSheetAddEventListener" time="0.003"/>
  <testcase classname="com.froalacharts.apitest.AddEventListener" name="verifyChartIsRenderedAddEventListener" time="0.564"/>
  <testcase classname="com.froalacharts.apitest.AddEventListener" name="verifyAPIAddEventListener" time="4.509"/>
</testsuite> <!-- AddEventListener -->
