<?xml version="1.0" encoding="UTF-8"?>
<!-- Generated by org.testng.reporters.JUnitXMLReporter -->
<testsuite hostname="LANSA-TEST" failures="0" tests="3" name="AnnotationAPIs" time="80.701" errors="0" timestamp="25 Aug 2020 09:07:43 GMT">
  <testcase classname="com.fusioncharts.apitest.AnnotationAPIs" name="verifyAPIExistsInDataSheetAnnotationAPIs" time="0.0"/>
  <testcase classname="com.fusioncharts.apitest.AnnotationAPIs" name="verifyChartIsRenderedAnnotationAPIs" time="1.253"/>
  <testcase classname="com.fusioncharts.apitest.AnnotationAPIs" name="verifyAPIAnnotationAPIs" time="63.304"/>
</testsuite> <!-- AnnotationAPIs -->
