<?xml version="1.0" encoding="UTF-8"?>
<!-- Generated by org.testng.reporters.JUnitXMLReporter -->
<testsuite ignored="0" hostname="CELSYS130-BLR" failures="0" tests="3" name="CenterLabel" time="15.587" errors="0" timestamp="2020-10-27T17:47:02 IST">
  <testcase classname="com.froalacharts.apitest.CenterLabel" name="verifyAPIExistsInDataSheetCenterLabel" time="0.003"/>
  <testcase classname="com.froalacharts.apitest.CenterLabel" name="verifyChartIsRenderedCenterLabel" time="0.514"/>
  <testcase classname="com.froalacharts.apitest.CenterLabel" name="verifyAPICenterLabel" time="3.251"/>
</testsuite> <!-- CenterLabel -->
