<?xml version="1.0" encoding="UTF-8"?>
<!-- Generated by org.testng.reporters.JUnitXMLReporter -->
<testsuite hostname="LANSA-TEST" failures="0" tests="3" name="CenterLabel" time="21.262" errors="0" timestamp="14 Sep 2020 17:03:44 GMT">
  <testcase classname="com.froalacharts.apitest.CenterLabel" name="verifyAPIExistsInDataSheetCenterLabel" time="0.007"/>
  <testcase classname="com.froalacharts.apitest.CenterLabel" name="verifyChartIsRenderedCenterLabel" time="1.223"/>
  <testcase classname="com.froalacharts.apitest.CenterLabel" name="verifyAPICenterLabel" time="3.586"/>
</testsuite> <!-- CenterLabel -->
