<?xml version="1.0" encoding="UTF-8"?>
<!-- Generated by org.testng.reporters.JUnitXMLReporter -->
<testsuite hostname="LANSA-TEST" failures="0" tests="3" name="Clone" time="33.568" errors="0" timestamp="14 Sep 2020 17:00:01 GMT">
  <testcase classname="com.froalacharts.apitest.Clone" name="verifyAPIExistsInDataSheetClone" time="0.027"/>
  <testcase classname="com.froalacharts.apitest.Clone" name="verifyChartIsRenderedClone" time="0.837"/>
  <testcase classname="com.froalacharts.apitest.Clone" name="verifyAPIClone" time="12.088"/>
</testsuite> <!-- Clone -->
