<?xml version="1.0" encoding="UTF-8"?>
<!-- Generated by org.testng.reporters.JUnitXMLReporter -->
<testsuite ignored="0" hostname="CELSYS130-BLR" failures="0" tests="3" name="Clone" time="38.252" errors="0" timestamp="2020-10-29T20:22:38 IST">
  <testcase classname="com.froalacharts.apitest.Clone" name="verifyAPIExistsInDataSheetClone" time="0.011"/>
  <testcase classname="com.froalacharts.apitest.Clone" name="verifyChartIsRenderedClone" time="10.373"/>
  <testcase classname="com.froalacharts.apitest.Clone" name="verifyAPIClone" time="14.108"/>
</testsuite> <!-- Clone -->
