<?xml version="1.0" encoding="UTF-8"?>
<!-- Generated by org.testng.reporters.JUnitXMLReporter -->
<testsuite ignored="0" hostname="CELSYS130-BLR" failures="0" tests="3" name="ConfigureLink" time="20.518" errors="0" timestamp="2020-10-29T20:27:06 IST">
  <testcase classname="com.froalacharts.apitest.ConfigureLink" name="verifyAPIExistsInDataSheetConfigureLink" time="0.001"/>
  <testcase classname="com.froalacharts.apitest.ConfigureLink" name="verifyChartIsRenderedConfigureLink" time="0.485"/>
  <testcase classname="com.froalacharts.apitest.ConfigureLink" name="verifyAPIConfigureLink" time="8.17"/>
</testsuite> <!-- ConfigureLink -->
