<?xml version="1.0" encoding="UTF-8"?>
<!-- Generated by org.testng.reporters.JUnitXMLReporter -->
<testsuite ignored="0" hostname="CELSYS130-BLR" failures="0" tests="3" name="ConfigureLink" time="20.618" errors="0" timestamp="2020-10-27T17:48:35 IST">
  <testcase classname="com.froalacharts.apitest.ConfigureLink" name="verifyAPIExistsInDataSheetConfigureLink" time="0.002"/>
  <testcase classname="com.froalacharts.apitest.ConfigureLink" name="verifyChartIsRenderedConfigureLink" time="0.85"/>
  <testcase classname="com.froalacharts.apitest.ConfigureLink" name="verifyAPIConfigureLink" time="8.244"/>
</testsuite> <!-- ConfigureLink -->
