<?xml version="1.0" encoding="UTF-8"?>
<!-- Generated by org.testng.reporters.JUnitXMLReporter -->
<testsuite ignored="0" hostname="CELSYS130-BLR" failures="0" tests="3" name="Configure" time="13.83" errors="0" timestamp="2020-10-27T17:48:14 IST">
  <testcase classname="com.froalacharts.apitest.Configure" name="verifyAPIExistsInDataSheetConfigure" time="0.002"/>
  <testcase classname="com.froalacharts.apitest.Configure" name="verifyChartIsRenderedConfigure" time="0.522"/>
  <testcase classname="com.froalacharts.apitest.Configure" name="verifyAPIConfigure" time="1.083"/>
</testsuite> <!-- Configure -->
