<?xml version="1.0" encoding="UTF-8"?>
<!-- Generated by org.testng.reporters.JUnitXMLReporter -->
<testsuite hostname="LANSA-TEST" failures="0" tests="3" name="FeedData" time="13.796" errors="0" timestamp="25 Aug 2020 08:54:34 GMT">
  <testcase classname="com.fusioncharts.apitest.FeedData" name="verifyAPIExistsInDataSheetFeedData" time="0.003"/>
  <testcase classname="com.fusioncharts.apitest.FeedData" name="verifyChartIsRenderedFeedData" time="1.623"/>
  <testcase classname="com.fusioncharts.apitest.FeedData" name="verifyAPIFeedData" time="0.214"/>
</testsuite> <!-- FeedData -->
