<?xml version="1.0" encoding="UTF-8"?>
<!-- Generated by org.testng.reporters.JUnitXMLReporter -->
<testsuite ignored="0" hostname="CELSYS130-BLR" failures="0" tests="3" name="FormatNumber" time="14.608" errors="0" timestamp="2020-10-27T17:44:43 IST">
  <testcase classname="com.froalacharts.apitest.FormatNumber" name="verifyAPIExistsInDataSheetFormatNumber" time="0.002"/>
  <testcase classname="com.froalacharts.apitest.FormatNumber" name="verifyChartIsRenderedFormatNumber" time="0.543"/>
  <testcase classname="com.froalacharts.apitest.FormatNumber" name="verifyAPIChartTypeFormatNumber" time="2.627"/>
</testsuite> <!-- FormatNumber -->
