<?xml version="1.0" encoding="UTF-8"?>
<!-- Generated by org.testng.reporters.JUnitXMLReporter -->
<testsuite hostname="LANSA-TEST" failures="0" tests="3" name="FormatNumber" time="18.553" errors="0" timestamp="14 Sep 2020 17:00:40 GMT">
  <testcase classname="com.froalacharts.apitest.FormatNumber" name="verifyAPIExistsInDataSheetFormatNumber" time="0.002"/>
  <testcase classname="com.froalacharts.apitest.FormatNumber" name="verifyChartIsRenderedFormatNumber" time="0.66"/>
  <testcase classname="com.froalacharts.apitest.FormatNumber" name="verifyAPIChartTypeFormatNumber" time="2.253"/>
</testsuite> <!-- FormatNumber -->
