<?xml version="1.0" encoding="UTF-8"?>
<!-- Generated by org.testng.reporters.JUnitXMLReporter -->
<testsuite ignored="0" hostname="CELSYS130-BLR" failures="0" tests="3" name="GetChartData" time="17.548" errors="0" timestamp="2020-10-29T20:25:50 IST">
  <testcase classname="com.froalacharts.apitest.GetChartData" name="verifyAPIExistsInDataSheetGetChartData" time="0.001"/>
  <testcase classname="com.froalacharts.apitest.GetChartData" name="verifyChartIsRenderedGetChartData" time="0.336"/>
  <testcase classname="com.froalacharts.apitest.GetChartData" name="verifyAPIGetChartData" time="4.743"/>
</testsuite> <!-- GetChartData -->
