<?xml version="1.0" encoding="UTF-8"?>
<!-- Generated by org.testng.reporters.JUnitXMLReporter -->
<testsuite ignored="0" hostname="CELSYS130-BLR" failures="0" tests="3" name="GetChartData" time="17.346" errors="0" timestamp="2020-10-27T17:47:19 IST">
  <testcase classname="com.froalacharts.apitest.GetChartData" name="verifyAPIExistsInDataSheetGetChartData" time="0.002"/>
  <testcase classname="com.froalacharts.apitest.GetChartData" name="verifyChartIsRenderedGetChartData" time="0.706"/>
  <testcase classname="com.froalacharts.apitest.GetChartData" name="verifyAPIGetChartData" time="5.276"/>
</testsuite> <!-- GetChartData -->
