<?xml version="1.0" encoding="UTF-8"?>
<!-- Generated by org.testng.reporters.JUnitXMLReporter -->
<testsuite hostname="LANSA-TEST" failures="1" tests="3" name="GetDataWithId" time="69.58" errors="0" timestamp="1 Sep 2020 19:40:03 GMT">
  <testcase classname="com.froalacharts.apitest.GetDataWithId" name="verifyAPIExistsInDataSheetGetDataWithId" time="0.096"/>
  <testcase classname="com.froalacharts.apitest.GetDataWithId" name="verifyChartIsRenderedGetDataWithId" time="0.759"/>
  <testcase classname="com.froalacharts.apitest.GetDataWithId" name="verifyAPIGetDataWithId" time="38.427">
    <failure type="java.lang.AssertionError" message="Table should not be null expected [true] but found [false]">
      <![CDATA[java.lang.AssertionError: Table should not be null expected [true] but found [false]
	at com.froalacharts.apitest.GetDataWithId.verifyAPIGetDataWithId(GetDataWithId.java:78)
... Removed 27 stack frames]]>
    </failure>
  </testcase> <!-- verifyAPIGetDataWithId -->
</testsuite> <!-- GetDataWithId -->
