<?xml version="1.0" encoding="UTF-8"?>
<!-- Generated by org.testng.reporters.JUnitXMLReporter -->
<testsuite ignored="0" hostname="CELSYS130-BLR" failures="0" tests="3" name="GetJSONData" time="14.168" errors="0" timestamp="2020-10-29T20:26:04 IST">
  <testcase classname="com.froalacharts.apitest.GetJSONData" name="verifyAPIExistsInDataSheetGetJSONData" time="0.001"/>
  <testcase classname="com.froalacharts.apitest.GetJSONData" name="verifyChartIsRenderedGetJSONData" time="0.187"/>
  <testcase classname="com.froalacharts.apitest.GetJSONData" name="verifyAPIGetJSONData" time="2.355"/>
</testsuite> <!-- GetJSONData -->
