<?xml version="1.0" encoding="UTF-8"?>
<!-- Generated by org.testng.reporters.JUnitXMLReporter -->
<testsuite ignored="0" hostname="CELSYS130-BLR" failures="0" tests="3" name="GetJSONData" time="14.093" errors="0" timestamp="2020-10-27T17:47:34 IST">
  <testcase classname="com.froalacharts.apitest.GetJSONData" name="verifyAPIExistsInDataSheetGetJSONData" time="0.002"/>
  <testcase classname="com.froalacharts.apitest.GetJSONData" name="verifyChartIsRenderedGetJSONData" time="0.553"/>
  <testcase classname="com.froalacharts.apitest.GetJSONData" name="verifyAPIGetJSONData" time="2.587"/>
</testsuite> <!-- GetJSONData -->
