<?xml version="1.0" encoding="UTF-8"?>
<!-- Generated by org.testng.reporters.JUnitXMLReporter -->
<testsuite hostname="LPMB-Kol-Saurav.local" ignored="0" name="GetObjectReference" tests="3" failures="0" timestamp="23 Jul 2019 13:18:17 GMT" time="9.893" errors="0">
  <testcase name="verifyAPIExistsInDataSheetGetObjectReference" time="0.008" classname="com.fusioncharts.apitest.GetObjectReference"/>
  <testcase name="verifyChartIsRenderedGetObjectReference" time="0.37" classname="com.fusioncharts.apitest.GetObjectReference"/>
  <testcase name="verifyAPIGetObjectReference" time="2.052" classname="com.fusioncharts.apitest.GetObjectReference"/>
</testsuite> <!-- GetObjectReference -->
