<?xml version="1.0" encoding="UTF-8"?>
<!-- Generated by org.testng.reporters.JUnitXMLReporter -->
<testsuite hostname="LPMB-KOl-Sahelee.local" ignored="0" name="GetViewStartIndex_EndIndex_ResetChart" tests="3" failures="0" timestamp="02 Aug 2019 07:46:02 GMT" time="17.357" errors="0">
  <testcase name="verifyAPIExistsInDataSheetGetViewStartIndex_EndIndex_ResetChart" time="0.008" classname="com.fusioncharts.apitest.GetViewStartIndex_EndIndex_ResetChart"/>
  <testcase name="verifyChartIsRenderedGetViewStartIndex_EndIndex_ResetChart" time="0.446" classname="com.fusioncharts.apitest.GetViewStartIndex_EndIndex_ResetChart"/>
  <testcase name="verifyAPIGetViewStartIndex_EndIndex_ResetChart" time="10.443" classname="com.fusioncharts.apitest.GetViewStartIndex_EndIndex_ResetChart"/>
</testsuite> <!-- GetViewStartIndex_EndIndex_ResetChart -->
