<?xml version="1.0" encoding="UTF-8"?>
<!-- Generated by org.testng.reporters.JUnitXMLReporter -->
<testsuite ignored="0" hostname="CELSYS130-BLR" failures="0" tests="3" name="IsPlotItemSliced_slicePlotItem" time="41.706" errors="0" timestamp="2020-10-29T20:23:51 IST">
  <testcase classname="com.froalacharts.apitest.IsPlotItemSliced_slicePlotItem" name="verifyAPIExistsInDataSheetIsPlotItemSliced_slicePlotItem" time="0.001"/>
  <testcase classname="com.froalacharts.apitest.IsPlotItemSliced_slicePlotItem" name="verifyChartIsRenderedIsPlotItemSliced_slicePlotItem" time="0.316"/>
  <testcase classname="com.froalacharts.apitest.IsPlotItemSliced_slicePlotItem" name="verifyAPIIsPlotItemSliced_slicePlotItem" time="29.55"/>
</testsuite> <!-- IsPlotItemSliced_slicePlotItem -->
