<?xml version="1.0" encoding="UTF-8"?>
<!-- Generated by org.testng.reporters.JUnitXMLReporter -->
<testsuite ignored="0" hostname="CELSYS130-BLR" failures="0" tests="4" name="LicensingData" time="39.762" errors="0" timestamp="2020-10-29T20:36:09 IST">
  <testcase classname="com.froalacharts.licensevalidationtest.LicenseValidation" name="verifyWatermarkDisplayed" time="5.384"/>
  <testcase classname="com.froalacharts.licensevalidationtest.LicenseValidation" name="verifyWatermarkNotDisplayed_for_valid_key" time="8.438"/>
  <testcase classname="com.froalacharts.licensevalidationtest.LicenseValidation" name="verifyWatermarkDisplayedForCreditLabelTrue" time="2.833"/>
  <testcase classname="com.froalacharts.licensevalidationtest.LicenseValidation" name="verify_clicking_Watermark_is_navigating_to_froala_page" time="10.071"/>
</testsuite> <!-- LicensingData -->
