<?xml version="1.0" encoding="UTF-8"?>
<!-- Generated by org.testng.reporters.JUnitXMLReporter -->
<testsuite ignored="0" hostname="CELSYS130-BLR" failures="0" tests="3" name="LicensingData" time="28.278" errors="0" timestamp="2020-10-27T17:57:19 IST">
  <testcase classname="com.froalacharts.licensevalidationtest.LicenseValidation" name="verifyWatermarkDisplayed" time="5.176"/>
  <testcase classname="com.froalacharts.licensevalidationtest.LicenseValidation" name="verifyWatermarkNotDisplayed_for_valid_key" time="8.75"/>
  <testcase classname="com.froalacharts.licensevalidationtest.LicenseValidation" name="verifyWatermarkDisplayedForCreditLabelTrue" time="2.342"/>
</testsuite> <!-- LicensingData -->
