<?xml version="1.0" encoding="UTF-8"?>
<!-- Generated by org.testng.reporters.JUnitXMLReporter -->
<testsuite ignored="0" hostname="CELSYS130-BLR" failures="0" tests="3" name="LockResize_ResizeTo" time="25.614" errors="0" timestamp="2020-10-29T20:26:30 IST">
  <testcase classname="com.froalacharts.apitest.LockResize_ResizeTo" name="verifyAPIExistsInDataSheetLockResize_ResizeTo" time="0.002"/>
  <testcase classname="com.froalacharts.apitest.LockResize_ResizeTo" name="verifyChartIsRenderedLockResize_ResizeTo" time="2.047"/>
  <testcase classname="com.froalacharts.apitest.LockResize_ResizeTo" name="verifyAPILockResize_ResizeTo" time="11.383"/>
</testsuite> <!-- LockResize_ResizeTo -->
