<?xml version="1.0" encoding="UTF-8"?>
<!-- Generated by org.testng.reporters.JUnitXMLReporter -->
<testsuite ignored="0" hostname="CELSYS130-BLR" failures="0" tests="3" name="LockResize_ResizeTo" time="26.719" errors="0" timestamp="2020-10-27T17:48:00 IST">
  <testcase classname="com.froalacharts.apitest.LockResize_ResizeTo" name="verifyAPIExistsInDataSheetLockResize_ResizeTo" time="0.002"/>
  <testcase classname="com.froalacharts.apitest.LockResize_ResizeTo" name="verifyChartIsRenderedLockResize_ResizeTo" time="2.079"/>
  <testcase classname="com.froalacharts.apitest.LockResize_ResizeTo" name="verifyAPILockResize_ResizeTo" time="12.882"/>
</testsuite> <!-- LockResize_ResizeTo -->
