<?xml version="1.0" encoding="UTF-8"?>
<!-- Generated by org.testng.reporters.JUnitXMLReporter -->
<testsuite hostname="LANSA-TEST" failures="1" tests="3" name="RealTimeAPIsAutoFeedLog" time="63.2" errors="0" timestamp="25 Aug 2020 09:04:49 GMT">
  <testcase classname="com.fusioncharts.apitest.RealTimeAPIsAutoFeedLog" name="verifyAPIExistsInDataSheetRealTimeAPIsAutoFeedLog" time="0.002"/>
  <testcase classname="com.fusioncharts.apitest.RealTimeAPIsAutoFeedLog" name="verifyChartIsRenderedRealTimeAPIsAutoFeedLog" time="3.6"/>
  <testcase classname="com.fusioncharts.apitest.RealTimeAPIsAutoFeedLog" name="verifyAPIRealTimeAPIsAutoFeedLog" time="28.535">
    <failure type="java.lang.AssertionError" message="rtgauge window should be cleared expected [true] but found [false]">
      <![CDATA[java.lang.AssertionError: rtgauge window should be cleared expected [true] but found [false]
	at com.fusioncharts.apitest.RealTimeAPIsAutoFeedLog.verifyAPIRealTimeAPIsAutoFeedLog(RealTimeAPIsAutoFeedLog.java:271)
... Removed 27 stack frames]]>
    </failure>
  </testcase> <!-- verifyAPIRealTimeAPIsAutoFeedLog -->
</testsuite> <!-- RealTimeAPIsAutoFeedLog -->
