<?xml version="1.0" encoding="UTF-8"?>
<!-- Generated by org.testng.reporters.JUnitXMLReporter -->
<testsuite hostname="LANSA-TEST" failures="1" tests="3" name="RealTimeAPIsAutoFeed" time="43.774" errors="0" timestamp="25 Aug 2020 09:03:45 GMT">
  <testcase classname="com.fusioncharts.apitest.RealTimeAPIsAutoFeed" name="verifyAPIExistsInDataSheetRealTimeAPIsAutoFeed" time="0.001"/>
  <testcase classname="com.fusioncharts.apitest.RealTimeAPIsAutoFeed" name="verifyChartIsRenderedRealTimeAPIsAutoFeed" time="3.006"/>
  <testcase classname="com.fusioncharts.apitest.RealTimeAPIsAutoFeed" name="verifyAPIRealTimeAPIsAutoFeed" time="23.251">
    <failure type="java.lang.AssertionError" message="rtarea expected to get updated data expected [true] but found [false]">
      <![CDATA[java.lang.AssertionError: rtarea expected to get updated data expected [true] but found [false]
	at com.fusioncharts.apitest.RealTimeAPIsAutoFeed.verifyAPIRealTimeAPIsAutoFeed(RealTimeAPIsAutoFeed.java:124)
... Removed 27 stack frames]]>
    </failure>
  </testcase> <!-- verifyAPIRealTimeAPIsAutoFeed -->
</testsuite> <!-- RealTimeAPIsAutoFeed -->
