<?xml version="1.0" encoding="UTF-8"?>
<!-- Generated by org.testng.reporters.JUnitXMLReporter -->
<testsuite ignored="0" hostname="CELSYS130-BLR" failures="0" tests="3" name="RemoveEventListener" time="27.836" errors="0" timestamp="2020-10-27T17:45:53 IST">
  <testcase classname="com.froalacharts.apitest.RemoveEventListener" name="verifyAPIExistsInDataSheetRemoveEventListener" time="0.002"/>
  <testcase classname="com.froalacharts.apitest.RemoveEventListener" name="verifyChartIsRenderedRemoveEventListener" time="0.377"/>
  <testcase classname="com.froalacharts.apitest.RemoveEventListener" name="verifyAPIRemoveEventListener" time="16.59"/>
</testsuite> <!-- RemoveEventListener -->
