<?xml version="1.0" encoding="UTF-8"?>
<!-- Generated by org.testng.reporters.JUnitXMLReporter -->
<testsuite hostname="LANSA-TEST" failures="0" tests="3" name="SetChartData" time="23.525" errors="0" timestamp="4 Sep 2020 11:46:14 GMT">
  <testcase classname="com.froalacharts.apitest.SetChartData" name="verifyAPIExistsInDataSheetSetChartData" time="0.001"/>
  <testcase classname="com.froalacharts.apitest.SetChartData" name="verifyChartIsRenderedSetChartData" time="2.461"/>
  <testcase classname="com.froalacharts.apitest.SetChartData" name="verifyAPISetChartData" time="9.582"/>
</testsuite> <!-- SetChartData -->
