<?xml version="1.0" encoding="UTF-8"?>
<!-- Generated by org.testng.reporters.JUnitXMLReporter -->
<testsuite hostname="LPMB-Kol-Saurav.local" ignored="0" name="SetChartDataUrl" tests="3" failures="1" timestamp="24 Sep 2019 12:24:22 GMT" time="13.588" errors="0">
  <testcase name="verifyAPIExistsInDataSheetSetChartDataUrl" time="0.002" classname="com.fusioncharts.apitest.SetChartDataUrl"/>
  <testcase name="verifyChartIsRenderedSetChartDataUrl" time="0.773" classname="com.fusioncharts.apitest.SetChartDataUrl"/>
  <testcase name="verifyAPISetChartDataUrl" time="3.335" classname="com.fusioncharts.apitest.SetChartDataUrl">
    <failure type="java.lang.AssertionError" message="Chart should have 4 plots expected [true] but found [false]">
      <![CDATA[java.lang.AssertionError: Chart should have 4 plots expected [true] but found [false]
at com.fusioncharts.apitest.SetChartDataUrl.verifyAPISetChartDataUrl(SetChartDataUrl.java:63)
... Removed 28 stack frames]]>
    </failure>
  </testcase> <!-- verifyAPISetChartDataUrl -->
</testsuite> <!-- SetChartDataUrl -->
