<?xml version="1.0" encoding="UTF-8"?>
<!-- Generated by org.testng.reporters.JUnitXMLReporter -->
<testsuite hostname="LPMB-Kol-Saurav.local" ignored="0" name="SetJSONUrl" tests="3" failures="1" timestamp="24 Sep 2019 12:24:47 GMT" time="10.732" errors="0">
  <testcase name="verifyAPIExistsInDataSheetSetJSONUrl" time="0.001" classname="com.fusioncharts.apitest.SetJSONUrl"/>
  <testcase name="verifyChartIsRenderedSetJSONUrl" time="0.494" classname="com.fusioncharts.apitest.SetJSONUrl"/>
  <testcase name="verifyAPISetJSONUrl" time="2.961" classname="com.fusioncharts.apitest.SetJSONUrl">
    <failure type="org.openqa.selenium.StaleElementReferenceException" message="The element reference of &amp;lt;g class=&amp;quot;raphael-group-50-plots&amp;quot;&amp;gt; is stale; either the element is no longer attached to the DOM, it is not in the current frame context, or the document has been refreshed
For documentation on this error, please visit: https://www.seleniumhq.org/exceptions/stale_element_reference.html
Build info: version: &amp;apos;3.141.59&amp;apos;, revision: &amp;apos;e82be7d358&amp;apos;, time: &amp;apos;2018-11-14T08:17:03&amp;apos;
System info: host: &amp;apos;LPMB-Kol-Saurav.local&amp;apos;, ip: &amp;apos;fe80:0:0:0:427:6766:604a:d648%en0&amp;apos;, os.name: &amp;apos;Mac OS X&amp;apos;, os.arch: &amp;apos;x86_64&amp;apos;, os.version: &amp;apos;10.13.6&amp;apos;, java.version: &amp;apos;1.8.0_121&amp;apos;
Driver info: org.openqa.selenium.firefox.FirefoxDriver
Capabilities {acceptInsecureCerts: true, browserName: firefox, browserVersion: 68.0, javascriptEnabled: true, moz:accessibilityChecks: false, moz:buildID: 20190705220548, moz:geckodriverVersion: 0.24.0, moz:headless: false, moz:processID: 74282, moz:profile: /var/folders/bs/j4f7vv4s237..., moz:shutdownTimeout: 60000, moz:useNonSpecCompliantPointerOrigin: false, moz:webdriverClick: true, pageLoadStrategy: normal, platform: MAC, platformName: MAC, platformVersion: 17.7.0, rotatable: false, setWindowRect: true, strictFileInteractability: false, timeouts: {implicit: 0, pageLoad: 300000, script: 30000}, unhandledPromptBehavior: dismiss and notify}
Session ID: 63d81d55-b0e4-7c4e-9714-ee978a1524f2
*** Element info: {Using=xpath, value=.//*}">
      <![CDATA[org.openqa.selenium.StaleElementReferenceException: The element reference of <g class="raphael-group-50-plots"> is stale; either the element is no longer attached to the DOM, it is not in the current frame context, or the document has been refreshed
For documentation on this error, please visit: https://www.seleniumhq.org/exceptions/stale_element_reference.html
Build info: version: '3.141.59', revision: 'e82be7d358', time: '2018-11-14T08:17:03'
System info: host: 'LPMB-Kol-Saurav.local', ip: 'fe80:0:0:0:427:6766:604a:d648%en0', os.name: 'Mac OS X', os.arch: 'x86_64', os.version: '10.13.6', java.version: '1.8.0_121'
Driver info: org.openqa.selenium.firefox.FirefoxDriver
Capabilities {acceptInsecureCerts: true, browserName: firefox, browserVersion: 68.0, javascriptEnabled: true, moz:accessibilityChecks: false, moz:buildID: 20190705220548, moz:geckodriverVersion: 0.24.0, moz:headless: false, moz:processID: 74282, moz:profile: /var/folders/bs/j4f7vv4s237..., moz:shutdownTimeout: 60000, moz:useNonSpecCompliantPointerOrigin: false, moz:webdriverClick: true, pageLoadStrategy: normal, platform: MAC, platformName: MAC, platformVersion: 17.7.0, rotatable: false, setWindowRect: true, strictFileInteractability: false, timeouts: {implicit: 0, pageLoad: 300000, script: 30000}, unhandledPromptBehavior: dismiss and notify}
Session ID: 63d81d55-b0e4-7c4e-9714-ee978a1524f2
*** Element info: {Using=xpath, value=.//*}
at org.openqa.selenium.remote.http.W3CHttpResponseCodec.createException(W3CHttpResponseCodec.java:187)
at org.openqa.selenium.remote.http.W3CHttpResponseCodec.decode(W3CHttpResponseCodec.java:122)
at org.openqa.selenium.remote.http.W3CHttpResponseCodec.decode(W3CHttpResponseCodec.java:49)
at org.openqa.selenium.remote.HttpCommandExecutor.execute(HttpCommandExecutor.java:158)
at org.openqa.selenium.remote.service.DriverCommandExecutor.execute(DriverCommandExecutor.java:83)
at org.openqa.selenium.remote.RemoteWebDriver.execute(RemoteWebDriver.java:552)
at org.openqa.selenium.remote.RemoteWebElement.execute(RemoteWebElement.java:285)
at org.openqa.selenium.remote.RemoteWebElement.findElements(RemoteWebElement.java:204)
at org.openqa.selenium.remote.RemoteWebElement.findElementsByXPath(RemoteWebElement.java:265)
at org.openqa.selenium.By$ByXPath.findElements(By.java:348)
at org.openqa.selenium.remote.RemoteWebElement.findElements(RemoteWebElement.java:177)
at com.fusioncharts.pom.APIPageObjectModel.totalChildElements(APIPageObjectModel.java:149)
at com.fusioncharts.apitest.SetJSONUrl.verifyAPISetJSONUrl(SetJSONUrl.java:71)
... Removed 29 stack frames]]>
    </failure>
  </testcase> <!-- verifyAPISetJSONUrl -->
</testsuite> <!-- SetJSONUrl -->
