<?xml version="1.0" encoding="UTF-8"?>
<!-- Generated by org.testng.reporters.JUnitXMLReporter -->
<testsuite ignored="0" hostname="CELSYS130-BLR" failures="0" tests="3" name="SetJSONData" time="26.94" errors="0" timestamp="2020-10-29T20:24:49 IST">
  <testcase classname="com.froalacharts.apitest.SetJSONData" name="verifyAPIExistsInDataSheetSetJSONData" time="0.001"/>
  <testcase classname="com.froalacharts.apitest.SetJSONData" name="verifyChartIsRenderedSetJSONData" time="2.221"/>
  <testcase classname="com.froalacharts.apitest.SetJSONData" name="verifyAPISetJSONData" time="11.844"/>
</testsuite> <!-- SetJSONData -->
