<?xml version="1.0" encoding="UTF-8"?>
<!-- Generated by org.testng.reporters.JUnitXMLReporter -->
<testsuite ignored="0" hostname="CELSYS130-BLR" failures="0" tests="3" name="SetJSONData" time="24.733" errors="0" timestamp="2020-10-27T17:46:17 IST">
  <testcase classname="com.froalacharts.apitest.SetJSONData" name="verifyAPIExistsInDataSheetSetJSONData" time="0.002"/>
  <testcase classname="com.froalacharts.apitest.SetJSONData" name="verifyChartIsRenderedSetJSONData" time="2.473"/>
  <testcase classname="com.froalacharts.apitest.SetJSONData" name="verifyAPISetJSONData" time="10.747"/>
</testsuite> <!-- SetJSONData -->
