<?xml version="1.0" encoding="UTF-8"?>
<!-- Generated by org.testng.reporters.JUnitXMLReporter -->
<testsuite hostname="LPMB-Kol-Saurav.local" ignored="0" name="SetXMLUrl" tests="3" failures="1" timestamp="24 Sep 2019 12:25:14 GMT" time="12.489" errors="0">
  <testcase name="verifyAPIExistsInDataSheetSetXMLUrl" time="0.001" classname="com.fusioncharts.apitest.SetXMLUrl"/>
  <testcase name="verifyChartIsRenderedSetXMLUrl" time="0.87" classname="com.fusioncharts.apitest.SetXMLUrl"/>
  <testcase name="verifyAPISetXMLUrl" time="3.27" classname="com.fusioncharts.apitest.SetXMLUrl">
    <failure type="java.lang.AssertionError" message="Chart should have 12 plots expected [true] but found [false]">
      <![CDATA[java.lang.AssertionError: Chart should have 12 plots expected [true] but found [false]
at com.fusioncharts.apitest.SetXMLUrl.verifyAPISetXMLUrl(SetXMLUrl.java:67)
... Removed 28 stack frames]]>
    </failure>
  </testcase> <!-- verifyAPISetXMLUrl -->
</testsuite> <!-- SetXMLUrl -->
