<?xml version="1.0" encoding="UTF-8"?>
<!-- Generated by org.testng.reporters.JUnitXMLReporter -->
<testsuite ignored="0" hostname="CELSYS130-BLR" failures="0" tests="3" name="ShowChartMessage" time="29.011" errors="0" timestamp="2020-10-27T17:46:46 IST">
  <testcase classname="com.froalacharts.apitest.ShowChartMessage" name="verifyAPIExistsInDataSheetShowChartMessage" time="0.001"/>
  <testcase classname="com.froalacharts.apitest.ShowChartMessage" name="verifyChartIsRenderedShowChartMessage" time="2.432"/>
  <testcase classname="com.froalacharts.apitest.ShowChartMessage" name="verifyAPIShowChartMessage" time="15.433"/>
</testsuite> <!-- ShowChartMessage -->
