<?xml version="1.0" encoding="UTF-8"?>
<!-- Generated by org.testng.reporters.JUnitXMLReporter -->
<testsuite ignored="0" hostname="CELSYS130-BLR" failures="0" tests="3" name="StartingAngle" time="28.401" errors="0" timestamp="2020-10-29T20:27:35 IST">
  <testcase classname="com.froalacharts.apitest.StartingAngle" name="verifyAPIExistsInDataSheetStartingAngle" time="0.001"/>
  <testcase classname="com.froalacharts.apitest.StartingAngle" name="verifyChartIsRenderedStartingAngle" time="2.506"/>
  <testcase classname="com.froalacharts.apitest.StartingAngle" name="verifyAPIStartingAngle" time="13.313"/>
</testsuite> <!-- StartingAngle -->
