<?xml version="1.0" encoding="UTF-8"?>
<!-- Generated by org.testng.reporters.JUnitXMLReporter -->
<testsuite hostname="LANSA-TEST" failures="0" tests="3" name="ZoomlineAPIs" time="31.886" errors="0" timestamp="25 Aug 2020 08:59:06 GMT">
  <testcase classname="com.fusioncharts.apitest.ZoomlineAPIs" name="verifyAPIExistsInDataSheetZoomlineAPIs" time="0.002"/>
  <testcase classname="com.fusioncharts.apitest.ZoomlineAPIs" name="verifyChartIsRenderedZoomlineAPIs" time="1.913"/>
  <testcase classname="com.fusioncharts.apitest.ZoomlineAPIs" name="verifyAPIZoomlineAPIs" time="14.584"/>
</testsuite> <!-- ZoomlineAPIs -->
